<?xml version="1.0" encoding="UTF-8"?>
<!-- Generated by org.testng.reporters.JUnitXMLReporter -->
<testsuite ignored="0" hostname="DESKTOP-DJAOCVR" failures="0" tests="2" name="eBay" time="25.27" errors="0" timestamp="2024-02-20T09:14:22 IST">
  <testcase classname="com_example_ebay.ebay_test_framework.Test.EbayTestScenarios" name="porductSearchByMultipleFilters" time="12.765"/>
  <testcase classname="com_example_ebay.ebay_test_framework.Test.EbayTestScenarios" name="productSearchByName" time="3.465"/>
</testsuite> <!-- eBay -->
