<?xml version="1.0" encoding="UTF-8"?>
<!-- Generated by org.testng.reporters.JUnitXMLReporter -->
<testsuite ignored="0" hostname="DESKTOP-DJAOCVR" failures="0" tests="2" name="chrometest" time="27.271" errors="0" timestamp="2024-03-11T15:50:42 IST">
  <testcase classname="testCases.TC_001_ProductSearchByMultipleFilters" name="productSearchByMultipleFilters" time="13.301"/>
  <testcase classname="testCases.TC_002_ProductSearchByName" name="productSearchByName" time="5.025"/>
</testsuite> <!-- chrometest -->
