<?xml version="1.0" encoding="UTF-8"?>
<!-- Generated by org.testng.reporters.JUnitXMLReporter -->
<testsuite ignored="0" hostname="DESKTOP-DJAOCVR" failures="0" tests="2" name="edgetest" time="29.47" errors="0" timestamp="2024-03-11T15:51:12 IST">
  <testcase classname="testCases.TC_001_ProductSearchByMultipleFilters" name="productSearchByMultipleFilters" time="13.215"/>
  <testcase classname="testCases.TC_002_ProductSearchByName" name="productSearchByName" time="4.296"/>
</testsuite> <!-- edgetest -->
