<?xml version="1.0" encoding="UTF-8"?>
<testng-results ignored="0" total="2" passed="2" failed="0" skipped="0">
  <reporter-output>
  </reporter-output>
  <suite started-at="2024-03-11T14:56:07 IST" name="Suite" finished-at="2024-03-11T14:56:34 IST" duration-ms="26947">
    <groups>
      <group name="regression">
        <method signature="TC_001_ProductSearchByMultipleFilters.productSearchByMultipleFilters()[pri:0, instance:testCases.TC_001_ProductSearchByMultipleFilters@3febb011]" name="productSearchByMultipleFilters" class="testCases.TC_001_ProductSearchByMultipleFilters"/>
        <method signature="TC_002_ProductSearchByName.productSearchByName()[pri:0, instance:testCases.TC_002_ProductSearchByName@5c33f1a9]" name="productSearchByName" class="testCases.TC_002_ProductSearchByName"/>
      </group> <!-- regression -->
      <group name="master">
        <method signature="TC_001_ProductSearchByMultipleFilters.productSearchByMultipleFilters()[pri:0, instance:testCases.TC_001_ProductSearchByMultipleFilters@3febb011]" name="productSearchByMultipleFilters" class="testCases.TC_001_ProductSearchByMultipleFilters"/>
        <method signature="TC_002_ProductSearchByName.productSearchByName()[pri:0, instance:testCases.TC_002_ProductSearchByName@5c33f1a9]" name="productSearchByName" class="testCases.TC_002_ProductSearchByName"/>
      </group> <!-- master -->
    </groups>
    <test started-at="2024-03-11T14:56:07 IST" name="Test" finished-at="2024-03-11T14:56:34 IST" duration-ms="26947">
      <class name="testCases.TC_001_ProductSearchByMultipleFilters">
        <test-method is-config="true" signature="setup(java.lang.String,java.lang.String)[pri:0, instance:testCases.TC_001_ProductSearchByMultipleFilters@3febb011]" started-at="2024-03-11T14:56:08 IST" name="setup" finished-at="2024-03-11T14:56:13 IST" duration-ms="5616" status="PASS">
          <params>
            <param index="0">
              <value>
                <![CDATA[Windows]]>
              </value>
            </param>
            <param index="1">
              <value>
                <![CDATA[chrome]]>
              </value>
            </param>
          </params>
          <reporter-output>
          </reporter-output>
        </test-method> <!-- setup -->
        <test-method is-config="true" signature="setUpPages()[pri:0, instance:testCases.TC_001_ProductSearchByMultipleFilters@3febb011]" started-at="2024-03-11T14:56:13 IST" name="setUpPages" finished-at="2024-03-11T14:56:13 IST" duration-ms="49" status="PASS">
          <reporter-output>
          </reporter-output>
        </test-method> <!-- setUpPages -->
        <test-method signature="productSearchByMultipleFilters()[pri:0, instance:testCases.TC_001_ProductSearchByMultipleFilters@3febb011]" started-at="2024-03-11T14:56:13 IST" name="productSearchByMultipleFilters" finished-at="2024-03-11T14:56:27 IST" duration-ms="13346" status="PASS">
          <reporter-output>
          </reporter-output>
        </test-method> <!-- productSearchByMultipleFilters -->
        <test-method is-config="true" signature="tearDown()[pri:0, instance:testCases.TC_001_ProductSearchByMultipleFilters@3febb011]" started-at="2024-03-11T14:56:27 IST" name="tearDown" finished-at="2024-03-11T14:56:27 IST" duration-ms="253" status="PASS">
          <reporter-output>
          </reporter-output>
        </test-method> <!-- tearDown -->
      </class> <!-- testCases.TC_001_ProductSearchByMultipleFilters -->
      <class name="testCases.TC_002_ProductSearchByName">
        <test-method is-config="true" signature="setup(java.lang.String,java.lang.String)[pri:0, instance:testCases.TC_002_ProductSearchByName@5c33f1a9]" started-at="2024-03-11T14:56:27 IST" name="setup" finished-at="2024-03-11T14:56:31 IST" duration-ms="3789" status="PASS">
          <params>
            <param index="0">
              <value>
                <![CDATA[Windows]]>
              </value>
            </param>
            <param index="1">
              <value>
                <![CDATA[chrome]]>
              </value>
            </param>
          </params>
          <reporter-output>
          </reporter-output>
        </test-method> <!-- setup -->
        <test-method is-config="true" signature="initializePages()[pri:0, instance:testCases.TC_002_ProductSearchByName@5c33f1a9]" started-at="2024-03-11T14:56:31 IST" name="initializePages" finished-at="2024-03-11T14:56:31 IST" duration-ms="6" status="PASS">
          <reporter-output>
          </reporter-output>
        </test-method> <!-- initializePages -->
        <test-method signature="productSearchByName()[pri:0, instance:testCases.TC_002_ProductSearchByName@5c33f1a9]" started-at="2024-03-11T14:56:31 IST" name="productSearchByName" finished-at="2024-03-11T14:56:34 IST" duration-ms="3344" status="PASS">
          <reporter-output>
          </reporter-output>
        </test-method> <!-- productSearchByName -->
        <test-method is-config="true" signature="tearDown()[pri:0, instance:testCases.TC_002_ProductSearchByName@5c33f1a9]" started-at="2024-03-11T14:56:34 IST" name="tearDown" finished-at="2024-03-11T14:56:34 IST" duration-ms="159" status="PASS">
          <reporter-output>
          </reporter-output>
        </test-method> <!-- tearDown -->
      </class> <!-- testCases.TC_002_ProductSearchByName -->
    </test> <!-- Test -->
  </suite> <!-- Suite -->
</testng-results>
